<?xml version="1.0" encoding="UTF-8"?>
<testng-results ignored="0" total="1" passed="1" failed="0" skipped="0">
  <reporter-output>
  </reporter-output>
  <suite started-at="2024-03-11T21:23:27 CDT" name="Default suite" finished-at="2024-03-11T21:23:57 CDT" duration-ms="30173">
    <groups>
    </groups>
    <test started-at="2024-03-11T21:23:27 CDT" name="Default test" finished-at="2024-03-11T21:23:57 CDT" duration-ms="30173">
      <class name="test.NewCustomerTest">
        <test-method signature="userShouldBeableToAddCustomer()[pri:0, instance:test.NewCustomerTest@5a45133e]" started-at="2024-03-11T21:23:27 CDT" name="userShouldBeableToAddCustomer" finished-at="2024-03-11T21:23:57 CDT" duration-ms="30142" status="PASS">
          <reporter-output>
          </reporter-output>
        </test-method> <!-- userShouldBeableToAddCustomer -->
      </class> <!-- test.NewCustomerTest -->
    </test> <!-- Default test -->
  </suite> <!-- Default suite -->
</testng-results>
